GROUP,PACKAGE,CLASS,INSTRUCTION_MISSED,INSTRUCTION_COVERED,BRANCH_MISSED,BRANCH_COVERED,LINE_MISSED,LINE_COVERED,COMPLEXITY_MISSED,COMPLEXITY_COVERED,METHOD_MISSED,METHOD_COVERED
cf-rewards-validation/cf-rewards-calculation,org.cardanofoundation.rewards.calculation.util,BigNumberUtils,139,187,2,10,21,28,23,31,21,27
cf-rewards-validation/cf-rewards-calculation,org.cardanofoundation.rewards.calculation.enums,MirPot,0,15,0,0,0,2,0,1,0,1
cf-rewards-validation/cf-rewards-calculation,org.cardanofoundation.rewards.calculation.config,NetworkConfig,195,66,4,1,67,23,7,2,3,2
cf-rewards-validation/cf-rewards-calculation,org.cardanofoundation.rewards.calculation,TreasuryCalculation,30,215,8,16,11,55,8,9,1,4
cf-rewards-validation/cf-rewards-calculation,org.cardanofoundation.rewards.calculation,EpochCalculation,9,436,4,28,2,108,5,15,1,3
cf-rewards-validation/cf-rewards-calculation,org.cardanofoundation.rewards.calculation,DepositsCalculation,20,0,0,0,6,0,2,0,2,0
cf-rewards-validation/cf-rewards-calculation,org.cardanofoundation.rewards.calculation,PoolRewardsCalculation,19,398,5,33,7,107,6,21,1,7
