GROUP,PACKAGE,CLASS,INSTRUCTION_MISSED,INSTRUCTION_COVERED,BRANCH_MISSED,BRANCH_COVERED,LINE_MISSED,LINE_COVERED,COMPLEXITY_MISSED,COMPLEXITY_COVERED,METHOD_MISSED,METHOD_COVERED
cf-rewards-validation/cf-rewards-calculation,org.cardanofoundation.rewards.calculation.util,BigNumberUtils,139,187,2,10,21,28,23,31,21,27
cf-rewards-validation/cf-rewards-calculation,org.cardanofoundation.rewards.calculation.enums,MirPot,0,15,0,0,0,2,0,1,0,1
cf-rewards-validation/cf-rewards-calculation,org.cardanofoundation.rewards.calculation.constants,RewardConstants,3,43,0,0,1,11,1,1,1,1
cf-rewards-validation/cf-rewards-calculation,org.cardanofoundation.rewards.calculation,TreasuryCalculation,28,206,8,16,10,53,8,9,1,4
cf-rewards-validation/cf-rewards-calculation,org.cardanofoundation.rewards.calculation,EpochCalculation,9,415,4,28,2,105,5,15,1,3
cf-rewards-validation/cf-rewards-calculation,org.cardanofoundation.rewards.calculation,DepositsCalculation,19,0,0,0,6,0,2,0,2,0
cf-rewards-validation/cf-rewards-calculation,org.cardanofoundation.rewards.calculation,PoolRewardsCalculation,19,395,5,33,7,106,6,21,1,7
cf-rewards-validation/cf-rewards-calculation,org.cardanofoundation.rewards.calculation.domain,ProtocolParameters,0,31,0,0,0,5,0,5,0,5
