GROUP,PACKAGE,CLASS,INSTRUCTION_MISSED,INSTRUCTION_COVERED,BRANCH_MISSED,BRANCH_COVERED,LINE_MISSED,LINE_COVERED,COMPLEXITY_MISSED,COMPLEXITY_COVERED,METHOD_MISSED,METHOD_COVERED
cardano-reward-calculation,org.cardanofoundation.rewards.data.provider,KoiosDataProvider,11,112,1,11,1,27,2,9,1,4
cardano-reward-calculation,org.cardanofoundation.rewards.service.impl,AdaPotsServiceImpl,8,29,0,0,4,6,4,4,4,4
cardano-reward-calculation,org.cardanofoundation.rewards,RewardsApplication,5,3,0,0,2,1,1,1,1,1
cardano-reward-calculation,org.cardanofoundation.rewards.constants,NetworkConstants,6,57,0,0,1,11,1,2,1,2
cardano-reward-calculation,org.cardanofoundation.rewards.constants,RewardConstants,10,0,0,0,3,0,2,0,2,0
cardano-reward-calculation,org.cardanofoundation.rewards.config,KoiosClient,12,45,4,1,3,13,4,7,0,7
