GROUP,PACKAGE,CLASS,INSTRUCTION_MISSED,INSTRUCTION_COVERED,BRANCH_MISSED,BRANCH_COVERED,LINE_MISSED,LINE_COVERED,COMPLEXITY_MISSED,COMPLEXITY_COVERED,METHOD_MISSED,METHOD_COVERED
cardano-reward-calculation,org.cardanofoundation.rewards.data.provider,KoiosDataProvider,193,87,13,1,43,21,14,7,7,7
cardano-reward-calculation,org.cardanofoundation.rewards.util,JsonConverter,56,0,0,0,17,0,3,0,3,0
cardano-reward-calculation,org.cardanofoundation.rewards.util,CurrencyConverter,16,5,0,0,4,1,4,1,4,1
cardano-reward-calculation,org.cardanofoundation.rewards,RewardsApplication,5,3,0,0,2,1,1,1,1,1
cardano-reward-calculation,org.cardanofoundation.rewards.constants,RewardConstants,3,9,0,0,1,2,1,1,1,1
cardano-reward-calculation,org.cardanofoundation.rewards.calculation,PoolRewardCalculation,27,79,1,1,4,16,2,3,1,3
cardano-reward-calculation,org.cardanofoundation.rewards.calculation,TreasuryCalculation,67,22,0,0,13,4,4,2,4,2
